<?xml version="1.0" encoding="UTF-8"?>
<testng-results ignored="0" total="1" passed="1" failed="0" skipped="0">
  <reporter-output>
    <line>
      <![CDATA[Electronics   Electronics]]>
    </line>
  </reporter-output>
  <suite started-at="2023-12-16T00:25:27 IST" name="Default suite" finished-at="2023-12-16T00:26:26 IST" duration-ms="59422">
    <groups>
    </groups>
    <test started-at="2023-12-16T00:25:27 IST" name="Default test" finished-at="2023-12-16T00:26:26 IST" duration-ms="59422">
      <class name="driverFactory.AppTest">
        <test-method signature="kickstart()[pri:0, instance:driverFactory.AppTest@52b1beb6]" started-at="2023-12-16T00:25:27 IST" name="kickstart" finished-at="2023-12-16T00:26:26 IST" duration-ms="59344" status="PASS">
          <reporter-output>
            <line>
              <![CDATA[Electronics   Electronics]]>
            </line>
          </reporter-output>
        </test-method> <!-- kickstart -->
      </class> <!-- driverFactory.AppTest -->
    </test> <!-- Default test -->
  </suite> <!-- Default suite -->
</testng-results>
